  PS_SynchronousGenerator.cpp
C:\Users\vkshi\source\repos\Power_System_Simulator\Power_System_Simulator\Regulators\PS_Regulators.hpp(179,11): warning C4250: PowerSystem::BaseExcitationRegulator: наследуется "PowerSystem::BaseRegulator::PowerSystem::BaseRegulator::setParameters" через превосходство
  (компиляция исходного файла "Elements/PS_SynchronousGenerator.cpp")
      C:\Users\vkshi\source\repos\Power_System_Simulator\Power_System_Simulator\Regulators\PS_Regulators.hpp(113,14):
       см. объявление "PowerSystem::BaseRegulator::setParameters"
  
C:\Users\vkshi\source\repos\Power_System_Simulator\Power_System_Simulator\Regulators\PS_Regulators.hpp(179,11): warning C4250: PowerSystem::BaseExcitationRegulator: наследуется "PowerSystem::BaseRegulator::PowerSystem::BaseRegulator::getParameters" через превосходство
  (компиляция исходного файла "Elements/PS_SynchronousGenerator.cpp")
      C:\Users\vkshi\source\repos\Power_System_Simulator\Power_System_Simulator\Regulators\PS_Regulators.hpp(119,39):
       см. объявление "PowerSystem::BaseRegulator::getParameters"
  
C:\Users\vkshi\source\repos\Power_System_Simulator\Power_System_Simulator\Regulators\PS_Regulators.hpp(179,11): warning C4250: PowerSystem::BaseExcitationRegulator: наследуется "PowerSystem::BaseRegulator::PowerSystem::BaseRegulator::reset" через превосходство
  (компиляция исходного файла "Elements/PS_SynchronousGenerator.cpp")
      C:\Users\vkshi\source\repos\Power_System_Simulator\Power_System_Simulator\Regulators\PS_Regulators.hpp(125,14):
       см. объявление "PowerSystem::BaseRegulator::reset"
  
C:\Users\vkshi\source\repos\Power_System_Simulator\Power_System_Simulator\Regulators\PS_Regulators.hpp(197,11): warning C4250: PowerSystem::BaseTurbineRegulator: наследуется "PowerSystem::BaseRegulator::PowerSystem::BaseRegulator::setParameters" через превосходство
  (компиляция исходного файла "Elements/PS_SynchronousGenerator.cpp")
      C:\Users\vkshi\source\repos\Power_System_Simulator\Power_System_Simulator\Regulators\PS_Regulators.hpp(113,14):
       см. объявление "PowerSystem::BaseRegulator::setParameters"
  
C:\Users\vkshi\source\repos\Power_System_Simulator\Power_System_Simulator\Regulators\PS_Regulators.hpp(197,11): warning C4250: PowerSystem::BaseTurbineRegulator: наследуется "PowerSystem::BaseRegulator::PowerSystem::BaseRegulator::getParameters" через превосходство
  (компиляция исходного файла "Elements/PS_SynchronousGenerator.cpp")
      C:\Users\vkshi\source\repos\Power_System_Simulator\Power_System_Simulator\Regulators\PS_Regulators.hpp(119,39):
       см. объявление "PowerSystem::BaseRegulator::getParameters"
  
C:\Users\vkshi\source\repos\Power_System_Simulator\Power_System_Simulator\Regulators\PS_Regulators.hpp(197,11): warning C4250: PowerSystem::BaseTurbineRegulator: наследуется "PowerSystem::BaseRegulator::PowerSystem::BaseRegulator::reset" через превосходство
  (компиляция исходного файла "Elements/PS_SynchronousGenerator.cpp")
      C:\Users\vkshi\source\repos\Power_System_Simulator\Power_System_Simulator\Regulators\PS_Regulators.hpp(125,14):
       см. объявление "PowerSystem::BaseRegulator::reset"
  
C:\Users\vkshi\source\repos\Power_System_Simulator\Power_System_Simulator\Elements\PS_SynchronousGenerator.cpp(424,38): warning C4101: e: неиспользованная локальная переменная
C:\Users\vkshi\source\repos\Power_System_Simulator\Power_System_Simulator\Elements\PS_SynchronousGenerator.cpp(740,38): warning C4101: e: неиспользованная локальная переменная
C:\Users\vkshi\source\repos\Power_System_Simulator\Power_System_Simulator\Elements\PS_SynchronousGenerator.cpp(750,38): warning C4101: e: неиспользованная локальная переменная
C:\Users\vkshi\source\repos\Power_System_Simulator\Power_System_Simulator\Elements\PS_SynchronousGenerator.cpp(775,38): warning C4101: e: неиспользованная локальная переменная
C:\Users\vkshi\source\repos\Power_System_Simulator\Power_System_Simulator\Elements\PS_SynchronousGenerator.cpp(786,38): warning C4101: e: неиспользованная локальная переменная
C:\Users\vkshi\source\repos\Power_System_Simulator\Power_System_Simulator\Elements\PS_SynchronousGenerator.cpp(797,38): warning C4101: e: неиспользованная локальная переменная
  Power_System_Simulator.vcxproj -> C:\Users\vkshi\source\repos\Power_System_Simulator\x64\Debug\Power_System_Simulator.exe
  "pwsh.exe" не является внутренней или внешней
  командой, исполняемой программой или пакетным файлом.
